0 info it worked if it ends with ok
1 verbose cli [ '/nix/store/ajr6i77s89gjfjm59aazc16b5rvb39n7-nodejs-4.3.1/bin/node',
1 verbose cli   '/mnt/shared/sbin/npm',
1 verbose cli   'install',
1 verbose cli   '-g',
1 verbose cli   '--force',
1 verbose cli   'nodemon' ]
2 info using npm@2.14.12
3 info using node@v4.3.1
4 warn using --force I sure hope you know what you are doing.
5 verbose install initial load of /nix/store/ajr6i77s89gjfjm59aazc16b5rvb39n7-nodejs-4.3.1/lib/package.json
6 verbose readDependencies loading dependencies from /nix/store/ajr6i77s89gjfjm59aazc16b5rvb39n7-nodejs-4.3.1/lib/package.json
7 silly cache add args [ 'nodemon', null ]
8 verbose cache add spec nodemon
9 silly cache add parsed spec Result {
9 silly cache add   raw: 'nodemon',
9 silly cache add   scope: null,
9 silly cache add   name: 'nodemon',
9 silly cache add   rawSpec: '',
9 silly cache add   spec: 'latest',
9 silly cache add   type: 'tag' }
10 silly addNamed nodemon@latest
11 verbose addNamed "latest" is being treated as a dist-tag for nodemon
12 info addNameTag [ 'nodemon', 'latest' ]
13 silly mapToRegistry name nodemon
14 silly mapToRegistry using default registry
15 silly mapToRegistry registry https://registry.npmjs.org/
16 silly mapToRegistry uri https://registry.npmjs.org/nodemon
17 verbose addNameTag registry:https://registry.npmjs.org/nodemon not in flight; fetching
18 verbose request uri https://registry.npmjs.org/nodemon
19 verbose request no auth needed
20 info attempt registry request try #1 at 17:09:04
21 verbose request id 4e348ccf7cf612e7
22 verbose etag "5a3f6ec8-3bb1c"
23 verbose lastModified Sun, 24 Dec 2017 9:09:28 GMT
24 http request GET https://registry.npmjs.org/nodemon
25 http 304 https://registry.npmjs.org/nodemon
26 verbose headers { date: 'Sun, 24 Dec 2017 17:09:04 GMT',
26 verbose headers   via: '1.1 varnish',
26 verbose headers   'cache-control': 'max-age=300',
26 verbose headers   etag: '"5a3f6ec8-3bb1c"',
26 verbose headers   age: '14220',
26 verbose headers   connection: 'keep-alive',
26 verbose headers   'x-served-by': 'cache-cdg8731-CDG',
26 verbose headers   'x-cache': 'HIT',
26 verbose headers   'x-cache-hits': '21',
26 verbose headers   'x-timer': 'S1514135344.368182,VS0,VE0',
26 verbose headers   vary: 'Accept-Encoding, Accept' }
27 silly get cb [ 304,
27 silly get   { date: 'Sun, 24 Dec 2017 17:09:04 GMT',
27 silly get     via: '1.1 varnish',
27 silly get     'cache-control': 'max-age=300',
27 silly get     etag: '"5a3f6ec8-3bb1c"',
27 silly get     age: '14220',
27 silly get     connection: 'keep-alive',
27 silly get     'x-served-by': 'cache-cdg8731-CDG',
27 silly get     'x-cache': 'HIT',
27 silly get     'x-cache-hits': '21',
27 silly get     'x-timer': 'S1514135344.368182,VS0,VE0',
27 silly get     vary: 'Accept-Encoding, Accept' } ]
28 verbose etag https://registry.npmjs.org/nodemon from cache
29 verbose get saving nodemon to /home/ubuntu/.npm/registry.npmjs.org/nodemon/.cache.json
30 silly addNameTag next cb for nodemon with tag latest
31 silly addNamed nodemon@1.14.3
32 verbose addNamed "1.14.3" is a plain semver version for nodemon
33 silly mapToRegistry name nodemon
34 silly mapToRegistry using default registry
35 silly mapToRegistry registry https://registry.npmjs.org/
36 silly mapToRegistry uri https://registry.npmjs.org/nodemon
37 verbose addRemoteTarball https://registry.npmjs.org/nodemon/-/nodemon-1.14.3.tgz not in flight; adding
38 verbose addRemoteTarball [ 'https://registry.npmjs.org/nodemon/-/nodemon-1.14.3.tgz',
38 verbose addRemoteTarball   'f08d66726fb9876d76956b57cc91624793de4dbb' ]
39 info retry fetch attempt 1 at 17:09:04
40 info attempt registry request try #1 at 17:09:04
41 http fetch GET https://registry.npmjs.org/nodemon/-/nodemon-1.14.3.tgz
42 http fetch 200 https://registry.npmjs.org/nodemon/-/nodemon-1.14.3.tgz
43 silly fetchAndShaCheck shasum f08d66726fb9876d76956b57cc91624793de4dbb
44 verbose addTmpTarball /tmp/npm-3160-2688e7e4/registry.npmjs.org/nodemon/-/nodemon-1.14.3.tgz not in flight; adding
45 verbose addTmpTarball already have metadata; skipping unpack for nodemon@1.14.3
46 silly cache afterAdd nodemon@1.14.3
47 verbose afterAdd /home/ubuntu/.npm/nodemon/1.14.3/package/package.json not in flight; writing
48 verbose afterAdd /home/ubuntu/.npm/nodemon/1.14.3/package/package.json written
49 silly install resolved [ { name: 'nodemon',
49 silly install resolved     homepage: 'http://nodemon.io',
49 silly install resolved     author: { name: 'Remy Sharp', url: 'http://github.com/remy' },
49 silly install resolved     bin: { nodemon: './bin/nodemon.js' },
49 silly install resolved     engines: { node: '>=4' },
49 silly install resolved     repository: { type: 'git', url: 'git+https://github.com/remy/nodemon.git' },
49 silly install resolved     description: 'Simple monitor script for use during development of a node.js app.',
49 silly install resolved     keywords:
49 silly install resolved      [ 'monitor',
49 silly install resolved        'development',
49 silly install resolved        'restart',
49 silly install resolved        'autoload',
49 silly install resolved        'reload',
49 silly install resolved        'terminal' ],
49 silly install resolved     license: 'MIT',
49 silly install resolved     main: './lib/nodemon',
49 silly install resolved     scripts:
49 silly install resolved      { commitmsg: 'commitlint -e',
49 silly install resolved        coverage: 'istanbul cover _mocha -- --timeout 30000 --ui bdd --reporter list test/**/*.test.js',
49 silly install resolved        lint: 'jscs lib/**/*.js -v',
49 silly install resolved        ':spec': 'mocha --timeout 30000 --ui bdd test/**/*.test.js',
49 silly install resolved        test: 'npm run lint && npm run spec',
49 silly install resolved        spec: 'for FILE in test/**/*.test.js; do echo $FILE; TEST=1 mocha --exit --timeout 30000 $FILE; if [ $? -ne 0 ]; then exit 1; fi; sleep 1; done',
49 silly install resolved        postspec: 'npm run clean',
49 silly install resolved        clean: 'rm -rf test/fixtures/test*.js test/fixtures/test*.md',
49 silly install resolved        web: 'node web',
49 silly install resolved        'semantic-release': 'semantic-release pre && npm publish && semantic-release post',
49 silly install resolved        postinstall: 'node -e "console.log(\'\\u001b[32mLove nodemon? You can now support the project via the open collective:\\u001b[22m\\u001b[39m\\n > \\u001b[96m\\u001b[1mhttps://opencollective.com/nodemon/donate\\u001b[0m\\n\')"' },
49 silly install resolved     devDependencies:
49 silly install resolved      { '@commitlint/cli': '^3.1.3',
49 silly install resolved        '@commitlint/config-angular': '^3.1.1',
49 silly install resolved        async: '1.4.2',
49 silly install resolved        'coffee-script': '~1.7.1',
49 silly install resolved        husky: '^0.14.3',
49 silly install resolved        istanbul: '^0.4.5',
49 silly install resolved        jscs: '^3.0.7',
49 silly install resolved        mocha: '^2.3.3',
49 silly install resolved        'semantic-release': '^8.2.0',
49 silly install resolved        should: '~4.0.0' },
49 silly install resolved     dependencies:
49 silly install resolved      { chokidar: '^1.7.0',
49 silly install resolved        debug: '^2.6.8',
49 silly install resolved        'ignore-by-default': '^1.0.1',
49 silly install resolved        minimatch: '^3.0.4',
49 silly install resolved        'pstree.remy': '^1.1.0',
49 silly install resolved        touch: '^3.1.0',
49 silly install resolved        undefsafe: '0.0.3',
49 silly install resolved        'update-notifier': '^2.3.0' },
49 silly install resolved     version: '1.14.3',
49 silly install resolved     gitHead: 'ad226afc13f4480bc6c942785571ec10fdf8b293',
49 silly install resolved     bugs: { url: 'https://github.com/remy/nodemon/issues' },
49 silly install resolved     _id: 'nodemon@1.14.3',
49 silly install resolved     _npmVersion: '5.5.1',
49 silly install resolved     _nodeVersion: '9.3.0',
49 silly install resolved     _npmUser: { name: 'remy', email: 'remy@leftlogic.com' },
49 silly install resolved     dist:
49 silly install resolved      { integrity: 'sha512-fmcF3Y0IB8fbCBXAhS+D7lBOnk4o334gxt/ndajLzXwiQU+LCd8Qf9h97n1w1uXej+6EdRuRJXYA7tbzTKxYog==',
49 silly install resolved        shasum: 'f08d66726fb9876d76956b57cc91624793de4dbb',
49 silly install resolved        tarball: 'https://registry.npmjs.org/nodemon/-/nodemon-1.14.3.tgz' },
49 silly install resolved     maintainers: [ [Object] ],
49 silly install resolved     _npmOperationalInternal:
49 silly install resolved      { host: 's3://npm-registry-packages',
49 silly install resolved        tmp: 'tmp/nodemon-1.14.3.tgz_1513982350228_0.16284384112805128' },
49 silly install resolved     directories: {},
49 silly install resolved     _shasum: 'f08d66726fb9876d76956b57cc91624793de4dbb',
49 silly install resolved     _resolved: 'https://registry.npmjs.org/nodemon/-/nodemon-1.14.3.tgz',
49 silly install resolved     _from: 'nodemon@latest' } ]
50 info install nodemon@1.14.3 into /nix/store/ajr6i77s89gjfjm59aazc16b5rvb39n7-nodejs-4.3.1/lib
51 info installOne nodemon@1.14.3
52 verbose installOne of nodemon to /nix/store/ajr6i77s89gjfjm59aazc16b5rvb39n7-nodejs-4.3.1/lib not in flight; installing
53 verbose lock using /home/ubuntu/.npm/_locks/nodemon-27738b6f4a25f144.lock for /nix/store/ajr6i77s89gjfjm59aazc16b5rvb39n7-nodejs-4.3.1/lib/node_modules/nodemon
54 silly install write writing nodemon 1.14.3 to /nix/store/ajr6i77s89gjfjm59aazc16b5rvb39n7-nodejs-4.3.1/lib/node_modules/nodemon
55 verbose unbuild lib/node_modules/nodemon
56 silly gentlyRm /nix/store/ajr6i77s89gjfjm59aazc16b5rvb39n7-nodejs-4.3.1/lib/node_modules/nodemon is being purged from base /nix/store/ajr6i77s89gjfjm59aazc16b5rvb39n7-nodejs-4.3.1
57 verbose gentlyRm don't care about contents; nuking /nix/store/ajr6i77s89gjfjm59aazc16b5rvb39n7-nodejs-4.3.1/lib/node_modules/nodemon
58 verbose tar unpack /home/ubuntu/.npm/nodemon/1.14.3/package.tgz
59 verbose tar unpacking to /nix/store/ajr6i77s89gjfjm59aazc16b5rvb39n7-nodejs-4.3.1/lib/node_modules/nodemon
60 silly gentlyRm /nix/store/ajr6i77s89gjfjm59aazc16b5rvb39n7-nodejs-4.3.1/lib/node_modules/nodemon is being purged
61 verbose gentlyRm don't care about contents; nuking /nix/store/ajr6i77s89gjfjm59aazc16b5rvb39n7-nodejs-4.3.1/lib/node_modules/nodemon
62 silly gunzTarPerm modes [ '755', '644' ]
63 error tar.unpack untar error /home/ubuntu/.npm/nodemon/1.14.3/package.tgz
64 verbose unlock done using /home/ubuntu/.npm/_locks/nodemon-27738b6f4a25f144.lock for /nix/store/ajr6i77s89gjfjm59aazc16b5rvb39n7-nodejs-4.3.1/lib/node_modules/nodemon
65 verbose fstream_path /nix/store/ajr6i77s89gjfjm59aazc16b5rvb39n7-nodejs-4.3.1/lib/node_modules/nodemon
66 verbose fstream_type Directory
67 verbose fstream_class DirWriter
68 verbose stack Error: EROFS: read-only file system, mkdir '/nix/store/ajr6i77s89gjfjm59aazc16b5rvb39n7-nodejs-4.3.1/lib/node_modules/nodemon'
68 verbose stack     at Error (native)
69 verbose fstream_stack /nix/store/ajr6i77s89gjfjm59aazc16b5rvb39n7-nodejs-4.3.1/lib/node_modules/npm/node_modules/fstream/lib/dir-writer.js:35:25
69 verbose fstream_stack /nix/store/ajr6i77s89gjfjm59aazc16b5rvb39n7-nodejs-4.3.1/lib/node_modules/npm/node_modules/mkdirp/index.js:47:53
69 verbose fstream_stack FSReqWrap.oncomplete (fs.js:82:15)
70 verbose cwd /home/ubuntu/workspace/YelpCamp/v15
71 error Linux 4.9.17-c9
72 error argv "/nix/store/ajr6i77s89gjfjm59aazc16b5rvb39n7-nodejs-4.3.1/bin/node" "/mnt/shared/sbin/npm" "install" "-g" "--force" "nodemon"
73 error node v4.3.1
74 error npm  v2.14.12
75 error path /nix/store/ajr6i77s89gjfjm59aazc16b5rvb39n7-nodejs-4.3.1/lib/node_modules/nodemon
76 error code EROFS
77 error errno -30
78 error syscall mkdir
79 error rofs EROFS: read-only file system, mkdir '/nix/store/ajr6i77s89gjfjm59aazc16b5rvb39n7-nodejs-4.3.1/lib/node_modules/nodemon'
79 error rofs This is most likely not a problem with npm itself
79 error rofs and is related to the file system being read-only.
79 error rofs
79 error rofs Often virtualized file systems, or other file systems
79 error rofs that don't support symlinks, give this error.
80 verbose exit [ -30, true ]
81 verbose unbuild lib/node_modules/nodemon
82 silly gentlyRm /nix/store/ajr6i77s89gjfjm59aazc16b5rvb39n7-nodejs-4.3.1/lib/node_modules/nodemon is being purged from base /nix/store/ajr6i77s89gjfjm59aazc16b5rvb39n7-nodejs-4.3.1
83 verbose gentlyRm don't care about contents; nuking /nix/store/ajr6i77s89gjfjm59aazc16b5rvb39n7-nodejs-4.3.1/lib/node_modules/nodemon
